<?xml version="1.0" encoding="UTF-8"?>
<testsuite name="Login into the application" tests="1" skipped="0" failures="0" errors="0" timestamp="2020-11-10T02:50:33" hostname="S000980A" time="18.951">
  <properties/>
  <testcase name="Successful login" classname="Login into the application" time="18.951"/>
  <system-out><![CDATA[Feature: Login into the application

  Scenario: Successful login                         ?[90m# src/test/resources/features/login/login.feature:4?[0m
21:50:33.332 [Test worker] INFO   - 
 _____ _____ ____ _____   ____ _____  _    ____ _____ _____ ____  
|_   _| ____/ ___|_   _| / ___|_   _|/ \  |  _ \_   _| ____|  _ \ 
  | | |  _| \___ \ | |   \___ \ | | / _ \ | |_) || | |  _| | | | |
  | | | |___ ___) || |    ___) || |/ ___ \|  _ < | | | |___| |_| |
  |_| |_____|____/ |_|   |____/ |_/_/   \_\_| \_\|_| |_____|____/ 

Successful login(login-into-the-application;successful-login)
-------------------------------------------------------------------
    ?[32mGiven ?[0m?[32m?[0m?[32m?[1mSergey?[0m?[32m has an active account?[0m               ?[90m# LoginStepDefinitions.sergey_has_an_active_account(String)?[0m
21:50:34.322 [Test worker] INFO  n.s.c.w.d.ProvideNewDriver - Instantiating driver
21:50:34.322 [Test worker] INFO  n.s.c.w.d.ProvideNewDriver - Driver capabilities: Capabilities {acceptInsecureCerts: false, browserName: chrome, chrome.switches: --start-maximized;--test-ty..., goog:chromeOptions: {args: [--start-maximized, --test-type, --no-sandbox, --ignore-certificate-errors..., --disable-popup-blocking, --disable-default-apps, --disable-extensions-file-a..., --incognito, --disable-infobars, --disable-gpu], extensions: []}, loggingPrefs: org.openqa.selenium.logging..., platform: ANY, version: }
    ?[32mWhen ?[0m?[32mhe sends their valid credentials?[0m            ?[90m# LoginStepDefinitions.he_sends_their_valid_credentials()?[0m
    ?[32mThen ?[0m?[32mhe should have access to manage his account?[0m ?[90m# LoginStepDefinitions.he_should_have_access_to_manage_his_account()?[0m
]]></system-out>
  <system-err><![CDATA[nov 09, 2020 9:50:33 PM org.openqa.selenium.remote.DesiredCapabilities chrome
INFORMACIÓN: Using `new ChromeOptions()` is preferred to `DesiredCapabilities.chrome()`
Starting ChromeDriver 86.0.4240.22 (398b0743353ff36fb1b82468f63a3a93b4e2e89e-refs/branch-heads/4240@{#378}) on port 44838
Only local connections are allowed.
Please see https://chromedriver.chromium.org/security-considerations for suggestions on keeping ChromeDriver safe.
ChromeDriver was started successfully.
nov 09, 2020 9:50:43 PM org.openqa.selenium.remote.ProtocolHandshake createSession
INFORMACIÓN: Detected dialect: W3C
]]></system-err>
</testsuite>
